<?xml version="1.0" encoding="UTF-8"?>
<!-- Generated by org.testng.reporters.JUnitXMLReporter -->
<testsuite hostname="LAPTOP-7RKSKS96" ignored="4" name="Test" tests="2" failures="0" timestamp="15 Jun 2022 07:44:34 GMT" time="0.17" errors="0">
  <testcase name="tc1" time="0.047" classname="testng.aclass"/>
  <testcase name="tc4" time="0.0" classname="testng.bclass"/>
  <testcase name="tc6" time="0.0" classname="testng.bclass">
    <ignored/>
  </testcase> <!-- tc6 -->
  <testcase name="tc2" time="0.0" classname="testng.aclass">
    <ignored/>
  </testcase> <!-- tc2 -->
  <testcase name="tc5" time="0.0" classname="testng.bclass">
    <ignored/>
  </testcase> <!-- tc5 -->
  <testcase name="tc3" time="0.0" classname="testng.aclass">
    <ignored/>
  </testcase> <!-- tc3 -->
</testsuite> <!-- Test -->
